Started GET "/" for ::1 at 2019-09-22 21:53:31 +0700
  [1m[35m (1.1ms)[0m  [1m[34mSELECT sqlite_version(*)[0m
Processing by Rails::WelcomeController#index as HTML
  Rendering /home/thanhcong/.rvm/gems/ruby-2.5.1/gems/railties-6.0.0/lib/rails/templates/rails/welcome/index.html.erb
  Rendered /home/thanhcong/.rvm/gems/ruby-2.5.1/gems/railties-6.0.0/lib/rails/templates/rails/welcome/index.html.erb (Duration: 21.1ms | Allocations: 467)
Completed 200 OK in 53ms (Views: 34.8ms | ActiveRecord: 0.0ms | Allocations: 2703)


Started GET "/" for ::1 at 2019-09-22 21:54:33 +0700
  [1m[35m (0.1ms)[0m  [1m[34mSELECT sqlite_version(*)[0m
Processing by Rails::WelcomeController#index as HTML
  Rendering /home/thanhcong/.rvm/gems/ruby-2.5.1/gems/railties-6.0.0/lib/rails/templates/rails/welcome/index.html.erb
  Rendered /home/thanhcong/.rvm/gems/ruby-2.5.1/gems/railties-6.0.0/lib/rails/templates/rails/welcome/index.html.erb (Duration: 5.5ms | Allocations: 196)
Completed 200 OK in 9ms (Views: 6.2ms | ActiveRecord: 0.0ms | Allocations: 2347)


Started GET "/" for ::1 at 2019-09-22 21:56:45 +0700
  [1m[35m (0.1ms)[0m  [1m[34mSELECT sqlite_version(*)[0m
Processing by ApplicationController#hello as HTML
  Rendering html template
  Rendered html template (Duration: 0.1ms | Allocations: 5)
Completed 200 OK in 11ms (Views: 10.3ms | ActiveRecord: 0.0ms | Allocations: 708)


Started GET "/" for ::1 at 2019-09-22 22:01:31 +0700
Processing by ApplicationController#hello as HTML
  Rendering html template
  Rendered html template (Duration: 0.2ms | Allocations: 4)
Completed 200 OK in 8ms (Views: 5.6ms | ActiveRecord: 0.0ms | Allocations: 286)


  [1m[35m (0.5ms)[0m  [1m[34mSELECT sqlite_version(*)[0m
  [1m[35m (59.2ms)[0m  [1m[35mCREATE TABLE "schema_migrations" ("version" varchar NOT NULL PRIMARY KEY)[0m
  [1m[35m (83.3ms)[0m  [1m[35mCREATE TABLE "ar_internal_metadata" ("key" varchar NOT NULL PRIMARY KEY, "value" varchar, "created_at" datetime(6) NOT NULL, "updated_at" datetime(6) NOT NULL)[0m
  [1m[35m (0.4ms)[0m  [1m[34mSELECT "schema_migrations"."version" FROM "schema_migrations" ORDER BY "schema_migrations"."version" ASC[0m
Migrating to CreateMicroposts (20190922152203)
  [1m[35m (0.1ms)[0m  [1m[36mbegin transaction[0m
  [1m[35m (2.6ms)[0m  [1m[35mCREATE TABLE "microposts" ("id" integer PRIMARY KEY AUTOINCREMENT NOT NULL, "content" text, "user_id" integer, "created_at" datetime(6) NOT NULL, "updated_at" datetime(6) NOT NULL)[0m
  [1m[36mprimary::SchemaMigration Create (0.2ms)[0m  [1m[32mINSERT INTO "schema_migrations" ("version") VALUES (?)[0m  [["version", "20190922152203"]]
  [1m[35m (65.0ms)[0m  [1m[36mcommit transaction[0m
Migrating to CreateUsers (20190922152423)
  [1m[35m (0.2ms)[0m  [1m[36mbegin transaction[0m
  [1m[35m (1.1ms)[0m  [1m[35mCREATE TABLE "users" ("id" integer PRIMARY KEY AUTOINCREMENT NOT NULL, "name" varchar, "email" varchar, "created_at" datetime(6) NOT NULL, "updated_at" datetime(6) NOT NULL)[0m
  [1m[36mprimary::SchemaMigration Create (0.6ms)[0m  [1m[32mINSERT INTO "schema_migrations" ("version") VALUES (?)[0m  [["version", "20190922152423"]]
  [1m[35m (75.8ms)[0m  [1m[36mcommit transaction[0m
  [1m[36mActiveRecord::InternalMetadata Load (0.5ms)[0m  [1m[34mSELECT "ar_internal_metadata".* FROM "ar_internal_metadata" WHERE "ar_internal_metadata"."key" = ? LIMIT ?[0m  [["key", "environment"], ["LIMIT", 1]]
  [1m[35m (0.1ms)[0m  [1m[36mbegin transaction[0m
  [1m[36mActiveRecord::InternalMetadata Create (0.5ms)[0m  [1m[32mINSERT INTO "ar_internal_metadata" ("key", "value", "created_at", "updated_at") VALUES (?, ?, ?, ?)[0m  [["key", "environment"], ["value", "development"], ["created_at", "2019-09-22 15:27:28.874200"], ["updated_at", "2019-09-22 15:27:28.874200"]]
  [1m[35m (31.2ms)[0m  [1m[36mcommit transaction[0m
  [1m[35m (0.2ms)[0m  [1m[34mSELECT sqlite_version(*)[0m
  [1m[35m (0.3ms)[0m  [1m[34mSELECT "schema_migrations"."version" FROM "schema_migrations" ORDER BY "schema_migrations"."version" ASC[0m
Started GET "/" for ::1 at 2019-09-24 16:55:56 +0700
  [1m[35m (5.0ms)[0m  [1m[34mSELECT sqlite_version(*)[0m
  [1m[35m (0.7ms)[0m  [1m[34mSELECT "schema_migrations"."version" FROM "schema_migrations" ORDER BY "schema_migrations"."version" ASC[0m
Processing by Rails::WelcomeController#index as HTML
  Rendering /home/thanhcong/.rvm/gems/ruby-2.5.1/gems/railties-6.0.0/lib/rails/templates/rails/welcome/index.html.erb
  Rendered /home/thanhcong/.rvm/gems/ruby-2.5.1/gems/railties-6.0.0/lib/rails/templates/rails/welcome/index.html.erb (Duration: 31.7ms | Allocations: 467)
Completed 200 OK in 78ms (Views: 45.2ms | ActiveRecord: 0.0ms | Allocations: 2636)


Started GET "/micropost" for ::1 at 2019-09-24 16:56:06 +0700
  
ActionController::RoutingError (No route matches [GET] "/micropost"):
  
actionpack (6.0.0) lib/action_dispatch/middleware/debug_exceptions.rb:36:in `call'
web-console (4.0.1) lib/web_console/middleware.rb:132:in `call_app'
web-console (4.0.1) lib/web_console/middleware.rb:28:in `block in call'
web-console (4.0.1) lib/web_console/middleware.rb:17:in `catch'
web-console (4.0.1) lib/web_console/middleware.rb:17:in `call'
actionpack (6.0.0) lib/action_dispatch/middleware/show_exceptions.rb:33:in `call'
railties (6.0.0) lib/rails/rack/logger.rb:38:in `call_app'
railties (6.0.0) lib/rails/rack/logger.rb:26:in `block in call'
activesupport (6.0.0) lib/active_support/tagged_logging.rb:80:in `block in tagged'
activesupport (6.0.0) lib/active_support/tagged_logging.rb:28:in `tagged'
activesupport (6.0.0) lib/active_support/tagged_logging.rb:80:in `tagged'
railties (6.0.0) lib/rails/rack/logger.rb:26:in `call'
sprockets-rails (3.2.1) lib/sprockets/rails/quiet_assets.rb:13:in `call'
actionpack (6.0.0) lib/action_dispatch/middleware/remote_ip.rb:81:in `call'
actionpack (6.0.0) lib/action_dispatch/middleware/request_id.rb:27:in `call'
rack (2.0.7) lib/rack/method_override.rb:22:in `call'
rack (2.0.7) lib/rack/runtime.rb:22:in `call'
activesupport (6.0.0) lib/active_support/cache/strategy/local_cache_middleware.rb:29:in `call'
actionpack (6.0.0) lib/action_dispatch/middleware/executor.rb:14:in `call'
actionpack (6.0.0) lib/action_dispatch/middleware/static.rb:126:in `call'
rack (2.0.7) lib/rack/sendfile.rb:111:in `call'
actionpack (6.0.0) lib/action_dispatch/middleware/host_authorization.rb:83:in `call'
webpacker (4.0.7) lib/webpacker/dev_server_proxy.rb:29:in `perform_request'
rack-proxy (0.6.5) lib/rack/proxy.rb:57:in `call'
railties (6.0.0) lib/rails/engine.rb:526:in `call'
puma (3.12.1) lib/puma/configuration.rb:227:in `call'
puma (3.12.1) lib/puma/server.rb:660:in `handle_request'
puma (3.12.1) lib/puma/server.rb:474:in `process_client'
puma (3.12.1) lib/puma/server.rb:334:in `block in run'
puma (3.12.1) lib/puma/thread_pool.rb:135:in `block in spawn_thread'
Started GET "/users" for ::1 at 2019-09-24 16:56:49 +0700
Processing by UsersController#index as HTML
  Rendering users/index.html.erb within layouts/application
  [1m[36mUser Load (4.7ms)[0m  [1m[34mSELECT "users".* FROM "users"[0m
  ↳ app/views/users/index.html.erb:15
  Rendered users/index.html.erb within layouts/application (Duration: 21.4ms | Allocations: 1329)
[Webpacker] Compiling…
[Webpacker] Compiled all packs in /home/thanhcong/IT3042_Ruby/HW2/public/packs
Completed 200 OK in 11632ms (Views: 11560.3ms | ActiveRecord: 5.5ms | Allocations: 1440429)


Started GET "/microposts" for ::1 at 2019-09-24 16:57:19 +0700
Processing by MicropostsController#index as HTML
Completed 406 Not Acceptable in 4ms (ActiveRecord: 0.0ms | Allocations: 2082)


  
ActionController::MissingExactTemplate (MicropostsController#index is missing a template for request formats: text/html):
  
actionpack (6.0.0) lib/action_controller/metal/implicit_render.rb:45:in `default_render'
actionpack (6.0.0) lib/action_controller/metal/basic_implicit_render.rb:6:in `block in send_action'
actionpack (6.0.0) lib/action_controller/metal/basic_implicit_render.rb:6:in `tap'
actionpack (6.0.0) lib/action_controller/metal/basic_implicit_render.rb:6:in `send_action'
actionpack (6.0.0) lib/abstract_controller/base.rb:196:in `process_action'
actionpack (6.0.0) lib/action_controller/metal/rendering.rb:30:in `process_action'
actionpack (6.0.0) lib/abstract_controller/callbacks.rb:42:in `block in process_action'
activesupport (6.0.0) lib/active_support/callbacks.rb:135:in `run_callbacks'
actionpack (6.0.0) lib/abstract_controller/callbacks.rb:41:in `process_action'
actionpack (6.0.0) lib/action_controller/metal/rescue.rb:22:in `process_action'
actionpack (6.0.0) lib/action_controller/metal/instrumentation.rb:33:in `block in process_action'
activesupport (6.0.0) lib/active_support/notifications.rb:180:in `block in instrument'
activesupport (6.0.0) lib/active_support/notifications/instrumenter.rb:24:in `instrument'
activesupport (6.0.0) lib/active_support/notifications.rb:180:in `instrument'
actionpack (6.0.0) lib/action_controller/metal/instrumentation.rb:32:in `process_action'
actionpack (6.0.0) lib/action_controller/metal/params_wrapper.rb:245:in `process_action'
activerecord (6.0.0) lib/active_record/railties/controller_runtime.rb:27:in `process_action'
actionpack (6.0.0) lib/abstract_controller/base.rb:136:in `process'
actionview (6.0.0) lib/action_view/rendering.rb:39:in `process'
actionpack (6.0.0) lib/action_controller/metal.rb:191:in `dispatch'
actionpack (6.0.0) lib/action_controller/metal.rb:252:in `dispatch'
actionpack (6.0.0) lib/action_dispatch/routing/route_set.rb:51:in `dispatch'
actionpack (6.0.0) lib/action_dispatch/routing/route_set.rb:33:in `serve'
actionpack (6.0.0) lib/action_dispatch/journey/router.rb:49:in `block in serve'
actionpack (6.0.0) lib/action_dispatch/journey/router.rb:32:in `each'
actionpack (6.0.0) lib/action_dispatch/journey/router.rb:32:in `serve'
actionpack (6.0.0) lib/action_dispatch/routing/route_set.rb:837:in `call'
rack (2.0.7) lib/rack/tempfile_reaper.rb:15:in `call'
rack (2.0.7) lib/rack/etag.rb:25:in `call'
rack (2.0.7) lib/rack/conditional_get.rb:25:in `call'
rack (2.0.7) lib/rack/head.rb:12:in `call'
actionpack (6.0.0) lib/action_dispatch/http/content_security_policy.rb:18:in `call'
rack (2.0.7) lib/rack/session/abstract/id.rb:232:in `context'
rack (2.0.7) lib/rack/session/abstract/id.rb:226:in `call'
actionpack (6.0.0) lib/action_dispatch/middleware/cookies.rb:648:in `call'
activerecord (6.0.0) lib/active_record/migration.rb:567:in `call'
actionpack (6.0.0) lib/action_dispatch/middleware/callbacks.rb:27:in `block in call'
activesupport (6.0.0) lib/active_support/callbacks.rb:101:in `run_callbacks'
actionpack (6.0.0) lib/action_dispatch/middleware/callbacks.rb:26:in `call'
actionpack (6.0.0) lib/action_dispatch/middleware/executor.rb:14:in `call'
actionpack (6.0.0) lib/action_dispatch/middleware/actionable_exceptions.rb:17:in `call'
actionpack (6.0.0) lib/action_dispatch/middleware/debug_exceptions.rb:32:in `call'
web-console (4.0.1) lib/web_console/middleware.rb:132:in `call_app'
web-console (4.0.1) lib/web_console/middleware.rb:28:in `block in call'
web-console (4.0.1) lib/web_console/middleware.rb:17:in `catch'
web-console (4.0.1) lib/web_console/middleware.rb:17:in `call'
actionpack (6.0.0) lib/action_dispatch/middleware/show_exceptions.rb:33:in `call'
railties (6.0.0) lib/rails/rack/logger.rb:38:in `call_app'
railties (6.0.0) lib/rails/rack/logger.rb:26:in `block in call'
activesupport (6.0.0) lib/active_support/tagged_logging.rb:80:in `block in tagged'
activesupport (6.0.0) lib/active_support/tagged_logging.rb:28:in `tagged'
activesupport (6.0.0) lib/active_support/tagged_logging.rb:80:in `tagged'
railties (6.0.0) lib/rails/rack/logger.rb:26:in `call'
sprockets-rails (3.2.1) lib/sprockets/rails/quiet_assets.rb:13:in `call'
actionpack (6.0.0) lib/action_dispatch/middleware/remote_ip.rb:81:in `call'
actionpack (6.0.0) lib/action_dispatch/middleware/request_id.rb:27:in `call'
rack (2.0.7) lib/rack/method_override.rb:22:in `call'
rack (2.0.7) lib/rack/runtime.rb:22:in `call'
activesupport (6.0.0) lib/active_support/cache/strategy/local_cache_middleware.rb:29:in `call'
actionpack (6.0.0) lib/action_dispatch/middleware/executor.rb:14:in `call'
actionpack (6.0.0) lib/action_dispatch/middleware/static.rb:126:in `call'
rack (2.0.7) lib/rack/sendfile.rb:111:in `call'
actionpack (6.0.0) lib/action_dispatch/middleware/host_authorization.rb:83:in `call'
webpacker (4.0.7) lib/webpacker/dev_server_proxy.rb:29:in `perform_request'
rack-proxy (0.6.5) lib/rack/proxy.rb:57:in `call'
railties (6.0.0) lib/rails/engine.rb:526:in `call'
puma (3.12.1) lib/puma/configuration.rb:227:in `call'
puma (3.12.1) lib/puma/server.rb:660:in `handle_request'
puma (3.12.1) lib/puma/server.rb:474:in `process_client'
puma (3.12.1) lib/puma/server.rb:334:in `block in run'
puma (3.12.1) lib/puma/thread_pool.rb:135:in `block in spawn_thread'
Started GET "/micropost" for ::1 at 2019-09-24 16:57:50 +0700
  
ActionController::RoutingError (No route matches [GET] "/micropost"):
  
actionpack (6.0.0) lib/action_dispatch/middleware/debug_exceptions.rb:36:in `call'
web-console (4.0.1) lib/web_console/middleware.rb:132:in `call_app'
web-console (4.0.1) lib/web_console/middleware.rb:28:in `block in call'
web-console (4.0.1) lib/web_console/middleware.rb:17:in `catch'
web-console (4.0.1) lib/web_console/middleware.rb:17:in `call'
actionpack (6.0.0) lib/action_dispatch/middleware/show_exceptions.rb:33:in `call'
railties (6.0.0) lib/rails/rack/logger.rb:38:in `call_app'
railties (6.0.0) lib/rails/rack/logger.rb:26:in `block in call'
activesupport (6.0.0) lib/active_support/tagged_logging.rb:80:in `block in tagged'
activesupport (6.0.0) lib/active_support/tagged_logging.rb:28:in `tagged'
activesupport (6.0.0) lib/active_support/tagged_logging.rb:80:in `tagged'
railties (6.0.0) lib/rails/rack/logger.rb:26:in `call'
sprockets-rails (3.2.1) lib/sprockets/rails/quiet_assets.rb:13:in `call'
actionpack (6.0.0) lib/action_dispatch/middleware/remote_ip.rb:81:in `call'
actionpack (6.0.0) lib/action_dispatch/middleware/request_id.rb:27:in `call'
rack (2.0.7) lib/rack/method_override.rb:22:in `call'
rack (2.0.7) lib/rack/runtime.rb:22:in `call'
activesupport (6.0.0) lib/active_support/cache/strategy/local_cache_middleware.rb:29:in `call'
actionpack (6.0.0) lib/action_dispatch/middleware/executor.rb:14:in `call'
actionpack (6.0.0) lib/action_dispatch/middleware/static.rb:126:in `call'
rack (2.0.7) lib/rack/sendfile.rb:111:in `call'
actionpack (6.0.0) lib/action_dispatch/middleware/host_authorization.rb:83:in `call'
webpacker (4.0.7) lib/webpacker/dev_server_proxy.rb:29:in `perform_request'
rack-proxy (0.6.5) lib/rack/proxy.rb:57:in `call'
railties (6.0.0) lib/rails/engine.rb:526:in `call'
puma (3.12.1) lib/puma/configuration.rb:227:in `call'
puma (3.12.1) lib/puma/server.rb:660:in `handle_request'
puma (3.12.1) lib/puma/server.rb:474:in `process_client'
puma (3.12.1) lib/puma/server.rb:334:in `block in run'
puma (3.12.1) lib/puma/thread_pool.rb:135:in `block in spawn_thread'
Started GET "/users" for ::1 at 2019-09-24 16:58:18 +0700
Processing by UsersController#index as HTML
  Rendering users/index.html.erb within layouts/application
  [1m[36mUser Load (0.2ms)[0m  [1m[34mSELECT "users".* FROM "users"[0m
  ↳ app/views/users/index.html.erb:15
  Rendered users/index.html.erb within layouts/application (Duration: 1.7ms | Allocations: 720)
Completed 200 OK in 9ms (Views: 7.9ms | ActiveRecord: 0.2ms | Allocations: 6522)


Started GET "/users/new" for ::1 at 2019-09-24 16:58:21 +0700
Processing by UsersController#new as HTML
  Rendering users/new.html.erb within layouts/application
  Rendered users/_form.html.erb (Duration: 1032.7ms | Allocations: 9592)
  Rendered users/new.html.erb within layouts/application (Duration: 1047.1ms | Allocations: 9948)
Completed 200 OK in 1108ms (Views: 1092.7ms | ActiveRecord: 0.8ms | Allocations: 19026)


Started POST "/users" for ::1 at 2019-09-24 16:58:30 +0700
Processing by UsersController#create as HTML
  Parameters: {"authenticity_token"=>"FKSCIbOKqvxX9mwdlYHirKRM2mJVrKexClxaIK9K7DeK1TZFXQYLaknaHaB1WY+dxDSDiBanxIgCbx/XA6yXoQ==", "user"=>{"name"=>"cong", "email"=>"thanhcong.phung@gmail.com"}, "commit"=>"Create User"}
  [1m[35m (0.1ms)[0m  [1m[36mbegin transaction[0m
  ↳ app/controllers/users_controller.rb:27:in `block in create'
  [1m[36mUser Create (39.7ms)[0m  [1m[32mINSERT INTO "users" ("name", "email", "created_at", "updated_at") VALUES (?, ?, ?, ?)[0m  [["name", "cong"], ["email", "thanhcong.phung@gmail.com"], ["created_at", "2019-09-24 09:58:30.902274"], ["updated_at", "2019-09-24 09:58:30.902274"]]
  ↳ app/controllers/users_controller.rb:27:in `block in create'
  [1m[35m (512.9ms)[0m  [1m[36mcommit transaction[0m
  ↳ app/controllers/users_controller.rb:27:in `block in create'
Redirected to http://localhost:3000/users/1
Completed 302 Found in 569ms (ActiveRecord: 552.7ms | Allocations: 4274)


Started GET "/users/1" for ::1 at 2019-09-24 16:58:31 +0700
Processing by UsersController#show as HTML
  Parameters: {"id"=>"1"}
  [1m[36mUser Load (0.2ms)[0m  [1m[34mSELECT "users".* FROM "users" WHERE "users"."id" = ? LIMIT ?[0m  [["id", 1], ["LIMIT", 1]]
  ↳ app/controllers/users_controller.rb:61:in `set_user'
  Rendering users/show.html.erb within layouts/application
  [1m[36mMicropost Load (24.8ms)[0m  [1m[34mSELECT "microposts".* FROM "microposts" WHERE (user_id=1)[0m
  ↳ app/views/users/show.html.erb:27
  Rendered users/show.html.erb within layouts/application (Duration: 84.6ms | Allocations: 1522)
Completed 200 OK in 184ms (Views: 66.5ms | ActiveRecord: 26.2ms | Allocations: 8805)


Started GET "/microposts/new" for ::1 at 2019-09-24 16:59:13 +0700
Processing by MicropostsController#new as HTML
Completed 406 Not Acceptable in 27ms (ActiveRecord: 1.0ms | Allocations: 5131)


  
ActionController::MissingExactTemplate (MicropostsController#new is missing a template for request formats: text/html):
  
actionpack (6.0.0) lib/action_controller/metal/implicit_render.rb:45:in `default_render'
actionpack (6.0.0) lib/action_controller/metal/basic_implicit_render.rb:6:in `block in send_action'
actionpack (6.0.0) lib/action_controller/metal/basic_implicit_render.rb:6:in `tap'
actionpack (6.0.0) lib/action_controller/metal/basic_implicit_render.rb:6:in `send_action'
actionpack (6.0.0) lib/abstract_controller/base.rb:196:in `process_action'
actionpack (6.0.0) lib/action_controller/metal/rendering.rb:30:in `process_action'
actionpack (6.0.0) lib/abstract_controller/callbacks.rb:42:in `block in process_action'
activesupport (6.0.0) lib/active_support/callbacks.rb:135:in `run_callbacks'
actionpack (6.0.0) lib/abstract_controller/callbacks.rb:41:in `process_action'
actionpack (6.0.0) lib/action_controller/metal/rescue.rb:22:in `process_action'
actionpack (6.0.0) lib/action_controller/metal/instrumentation.rb:33:in `block in process_action'
activesupport (6.0.0) lib/active_support/notifications.rb:180:in `block in instrument'
activesupport (6.0.0) lib/active_support/notifications/instrumenter.rb:24:in `instrument'
activesupport (6.0.0) lib/active_support/notifications.rb:180:in `instrument'
actionpack (6.0.0) lib/action_controller/metal/instrumentation.rb:32:in `process_action'
actionpack (6.0.0) lib/action_controller/metal/params_wrapper.rb:245:in `process_action'
activerecord (6.0.0) lib/active_record/railties/controller_runtime.rb:27:in `process_action'
actionpack (6.0.0) lib/abstract_controller/base.rb:136:in `process'
actionview (6.0.0) lib/action_view/rendering.rb:39:in `process'
actionpack (6.0.0) lib/action_controller/metal.rb:191:in `dispatch'
actionpack (6.0.0) lib/action_controller/metal.rb:252:in `dispatch'
actionpack (6.0.0) lib/action_dispatch/routing/route_set.rb:51:in `dispatch'
actionpack (6.0.0) lib/action_dispatch/routing/route_set.rb:33:in `serve'
actionpack (6.0.0) lib/action_dispatch/journey/router.rb:49:in `block in serve'
actionpack (6.0.0) lib/action_dispatch/journey/router.rb:32:in `each'
actionpack (6.0.0) lib/action_dispatch/journey/router.rb:32:in `serve'
actionpack (6.0.0) lib/action_dispatch/routing/route_set.rb:837:in `call'
rack (2.0.7) lib/rack/tempfile_reaper.rb:15:in `call'
rack (2.0.7) lib/rack/etag.rb:25:in `call'
rack (2.0.7) lib/rack/conditional_get.rb:25:in `call'
rack (2.0.7) lib/rack/head.rb:12:in `call'
actionpack (6.0.0) lib/action_dispatch/http/content_security_policy.rb:18:in `call'
rack (2.0.7) lib/rack/session/abstract/id.rb:232:in `context'
rack (2.0.7) lib/rack/session/abstract/id.rb:226:in `call'
actionpack (6.0.0) lib/action_dispatch/middleware/cookies.rb:648:in `call'
activerecord (6.0.0) lib/active_record/migration.rb:567:in `call'
actionpack (6.0.0) lib/action_dispatch/middleware/callbacks.rb:27:in `block in call'
activesupport (6.0.0) lib/active_support/callbacks.rb:101:in `run_callbacks'
actionpack (6.0.0) lib/action_dispatch/middleware/callbacks.rb:26:in `call'
actionpack (6.0.0) lib/action_dispatch/middleware/executor.rb:14:in `call'
actionpack (6.0.0) lib/action_dispatch/middleware/actionable_exceptions.rb:17:in `call'
actionpack (6.0.0) lib/action_dispatch/middleware/debug_exceptions.rb:32:in `call'
web-console (4.0.1) lib/web_console/middleware.rb:132:in `call_app'
web-console (4.0.1) lib/web_console/middleware.rb:28:in `block in call'
web-console (4.0.1) lib/web_console/middleware.rb:17:in `catch'
web-console (4.0.1) lib/web_console/middleware.rb:17:in `call'
actionpack (6.0.0) lib/action_dispatch/middleware/show_exceptions.rb:33:in `call'
railties (6.0.0) lib/rails/rack/logger.rb:38:in `call_app'
railties (6.0.0) lib/rails/rack/logger.rb:26:in `block in call'
activesupport (6.0.0) lib/active_support/tagged_logging.rb:80:in `block in tagged'
activesupport (6.0.0) lib/active_support/tagged_logging.rb:28:in `tagged'
activesupport (6.0.0) lib/active_support/tagged_logging.rb:80:in `tagged'
railties (6.0.0) lib/rails/rack/logger.rb:26:in `call'
sprockets-rails (3.2.1) lib/sprockets/rails/quiet_assets.rb:13:in `call'
actionpack (6.0.0) lib/action_dispatch/middleware/remote_ip.rb:81:in `call'
actionpack (6.0.0) lib/action_dispatch/middleware/request_id.rb:27:in `call'
rack (2.0.7) lib/rack/method_override.rb:22:in `call'
rack (2.0.7) lib/rack/runtime.rb:22:in `call'
activesupport (6.0.0) lib/active_support/cache/strategy/local_cache_middleware.rb:29:in `call'
actionpack (6.0.0) lib/action_dispatch/middleware/executor.rb:14:in `call'
actionpack (6.0.0) lib/action_dispatch/middleware/static.rb:126:in `call'
rack (2.0.7) lib/rack/sendfile.rb:111:in `call'
actionpack (6.0.0) lib/action_dispatch/middleware/host_authorization.rb:83:in `call'
webpacker (4.0.7) lib/webpacker/dev_server_proxy.rb:29:in `perform_request'
rack-proxy (0.6.5) lib/rack/proxy.rb:57:in `call'
railties (6.0.0) lib/rails/engine.rb:526:in `call'
puma (3.12.1) lib/puma/configuration.rb:227:in `call'
puma (3.12.1) lib/puma/server.rb:660:in `handle_request'
puma (3.12.1) lib/puma/server.rb:474:in `process_client'
puma (3.12.1) lib/puma/server.rb:334:in `block in run'
puma (3.12.1) lib/puma/thread_pool.rb:135:in `block in spawn_thread'
Started GET "/microposts/new" for ::1 at 2019-09-24 16:59:32 +0700
  [1m[35m (0.1ms)[0m  [1m[34mSELECT sqlite_version(*)[0m
  
SyntaxError (/home/thanhcong/IT3042_Ruby/HW2/app/controllers/microposts_controller.rb:71: syntax error, unexpected keyword_end, expecting end-of-input
    end
    ^~~):
  
app/controllers/microposts_controller.rb:71: syntax error, unexpected keyword_end, expecting end-of-input
app/controllers/microposts_controller.rb:71: syntax error, unexpected keyword_end, expecting end-of-input
app/controllers/microposts_controller.rb:71: syntax error, unexpected keyword_end, expecting end-of-input
Started GET "/microposts" for ::1 at 2019-09-24 17:05:42 +0700
  [1m[35m (0.1ms)[0m  [1m[34mSELECT sqlite_version(*)[0m
Processing by MicropostsController#index as HTML
Completed 406 Not Acceptable in 2ms (ActiveRecord: 0.0ms | Allocations: 1501)


  
ActionController::MissingExactTemplate (MicropostsController#index is missing a template for request formats: text/html):
  
actionpack (6.0.0) lib/action_controller/metal/implicit_render.rb:45:in `default_render'
actionpack (6.0.0) lib/action_controller/metal/basic_implicit_render.rb:6:in `block in send_action'
actionpack (6.0.0) lib/action_controller/metal/basic_implicit_render.rb:6:in `tap'
actionpack (6.0.0) lib/action_controller/metal/basic_implicit_render.rb:6:in `send_action'
actionpack (6.0.0) lib/abstract_controller/base.rb:196:in `process_action'
actionpack (6.0.0) lib/action_controller/metal/rendering.rb:30:in `process_action'
actionpack (6.0.0) lib/abstract_controller/callbacks.rb:42:in `block in process_action'
activesupport (6.0.0) lib/active_support/callbacks.rb:135:in `run_callbacks'
actionpack (6.0.0) lib/abstract_controller/callbacks.rb:41:in `process_action'
actionpack (6.0.0) lib/action_controller/metal/rescue.rb:22:in `process_action'
actionpack (6.0.0) lib/action_controller/metal/instrumentation.rb:33:in `block in process_action'
activesupport (6.0.0) lib/active_support/notifications.rb:180:in `block in instrument'
activesupport (6.0.0) lib/active_support/notifications/instrumenter.rb:24:in `instrument'
activesupport (6.0.0) lib/active_support/notifications.rb:180:in `instrument'
actionpack (6.0.0) lib/action_controller/metal/instrumentation.rb:32:in `process_action'
actionpack (6.0.0) lib/action_controller/metal/params_wrapper.rb:245:in `process_action'
activerecord (6.0.0) lib/active_record/railties/controller_runtime.rb:27:in `process_action'
actionpack (6.0.0) lib/abstract_controller/base.rb:136:in `process'
actionview (6.0.0) lib/action_view/rendering.rb:39:in `process'
actionpack (6.0.0) lib/action_controller/metal.rb:191:in `dispatch'
actionpack (6.0.0) lib/action_controller/metal.rb:252:in `dispatch'
actionpack (6.0.0) lib/action_dispatch/routing/route_set.rb:51:in `dispatch'
actionpack (6.0.0) lib/action_dispatch/routing/route_set.rb:33:in `serve'
actionpack (6.0.0) lib/action_dispatch/journey/router.rb:49:in `block in serve'
actionpack (6.0.0) lib/action_dispatch/journey/router.rb:32:in `each'
actionpack (6.0.0) lib/action_dispatch/journey/router.rb:32:in `serve'
actionpack (6.0.0) lib/action_dispatch/routing/route_set.rb:837:in `call'
rack (2.0.7) lib/rack/tempfile_reaper.rb:15:in `call'
rack (2.0.7) lib/rack/etag.rb:25:in `call'
rack (2.0.7) lib/rack/conditional_get.rb:25:in `call'
rack (2.0.7) lib/rack/head.rb:12:in `call'
actionpack (6.0.0) lib/action_dispatch/http/content_security_policy.rb:18:in `call'
rack (2.0.7) lib/rack/session/abstract/id.rb:232:in `context'
rack (2.0.7) lib/rack/session/abstract/id.rb:226:in `call'
actionpack (6.0.0) lib/action_dispatch/middleware/cookies.rb:648:in `call'
activerecord (6.0.0) lib/active_record/migration.rb:567:in `call'
actionpack (6.0.0) lib/action_dispatch/middleware/callbacks.rb:27:in `block in call'
activesupport (6.0.0) lib/active_support/callbacks.rb:101:in `run_callbacks'
actionpack (6.0.0) lib/action_dispatch/middleware/callbacks.rb:26:in `call'
actionpack (6.0.0) lib/action_dispatch/middleware/executor.rb:14:in `call'
actionpack (6.0.0) lib/action_dispatch/middleware/actionable_exceptions.rb:17:in `call'
actionpack (6.0.0) lib/action_dispatch/middleware/debug_exceptions.rb:32:in `call'
web-console (4.0.1) lib/web_console/middleware.rb:132:in `call_app'
web-console (4.0.1) lib/web_console/middleware.rb:28:in `block in call'
web-console (4.0.1) lib/web_console/middleware.rb:17:in `catch'
web-console (4.0.1) lib/web_console/middleware.rb:17:in `call'
actionpack (6.0.0) lib/action_dispatch/middleware/show_exceptions.rb:33:in `call'
railties (6.0.0) lib/rails/rack/logger.rb:38:in `call_app'
railties (6.0.0) lib/rails/rack/logger.rb:26:in `block in call'
activesupport (6.0.0) lib/active_support/tagged_logging.rb:80:in `block in tagged'
activesupport (6.0.0) lib/active_support/tagged_logging.rb:28:in `tagged'
activesupport (6.0.0) lib/active_support/tagged_logging.rb:80:in `tagged'
railties (6.0.0) lib/rails/rack/logger.rb:26:in `call'
sprockets-rails (3.2.1) lib/sprockets/rails/quiet_assets.rb:13:in `call'
actionpack (6.0.0) lib/action_dispatch/middleware/remote_ip.rb:81:in `call'
actionpack (6.0.0) lib/action_dispatch/middleware/request_id.rb:27:in `call'
rack (2.0.7) lib/rack/method_override.rb:22:in `call'
rack (2.0.7) lib/rack/runtime.rb:22:in `call'
activesupport (6.0.0) lib/active_support/cache/strategy/local_cache_middleware.rb:29:in `call'
actionpack (6.0.0) lib/action_dispatch/middleware/executor.rb:14:in `call'
actionpack (6.0.0) lib/action_dispatch/middleware/static.rb:126:in `call'
rack (2.0.7) lib/rack/sendfile.rb:111:in `call'
actionpack (6.0.0) lib/action_dispatch/middleware/host_authorization.rb:83:in `call'
webpacker (4.0.7) lib/webpacker/dev_server_proxy.rb:29:in `perform_request'
rack-proxy (0.6.5) lib/rack/proxy.rb:57:in `call'
railties (6.0.0) lib/rails/engine.rb:526:in `call'
puma (3.12.1) lib/puma/configuration.rb:227:in `call'
puma (3.12.1) lib/puma/server.rb:660:in `handle_request'
puma (3.12.1) lib/puma/server.rb:474:in `process_client'
puma (3.12.1) lib/puma/server.rb:334:in `block in run'
puma (3.12.1) lib/puma/thread_pool.rb:135:in `block in spawn_thread'
Started GET "/users" for ::1 at 2019-09-24 17:06:30 +0700
Processing by UsersController#index as HTML
  Rendering users/index.html.erb within layouts/application
  [1m[36mUser Load (0.2ms)[0m  [1m[34mSELECT "users".* FROM "users"[0m
  ↳ app/views/users/index.html.erb:15
  Rendered users/index.html.erb within layouts/application (Duration: 7.0ms | Allocations: 4581)
Completed 200 OK in 21ms (Views: 17.8ms | ActiveRecord: 1.0ms | Allocations: 11281)


Started GET "/users/1/edit" for ::1 at 2019-09-24 17:06:37 +0700
Processing by UsersController#edit as HTML
  Parameters: {"id"=>"1"}
  [1m[36mUser Load (0.7ms)[0m  [1m[34mSELECT "users".* FROM "users" WHERE "users"."id" = ? LIMIT ?[0m  [["id", 1], ["LIMIT", 1]]
  ↳ app/controllers/users_controller.rb:61:in `set_user'
  Rendering users/edit.html.erb within layouts/application
  Rendered users/_form.html.erb (Duration: 6.6ms | Allocations: 890)
  Rendered users/edit.html.erb within layouts/application (Duration: 31.0ms | Allocations: 1154)
Completed 200 OK in 68ms (Views: 55.8ms | ActiveRecord: 0.7ms | Allocations: 7574)


Started PATCH "/users/1" for ::1 at 2019-09-24 17:06:43 +0700
Processing by UsersController#update as HTML
  Parameters: {"authenticity_token"=>"UEMS2rVheTDUs620JgDD2KSBiXu3uHzN1mQXP4O8i/yP/fZlD3pd2tcZfkqRgBu0tCDGtPw9DiHSN3t3fvH3dw==", "user"=>{"name"=>"thanhcong", "email"=>"thanhcong.phung@gmail.com"}, "commit"=>"Update User", "id"=>"1"}
  [1m[36mUser Load (0.6ms)[0m  [1m[34mSELECT "users".* FROM "users" WHERE "users"."id" = ? LIMIT ?[0m  [["id", 1], ["LIMIT", 1]]
  ↳ app/controllers/users_controller.rb:61:in `set_user'
  [1m[35m (0.3ms)[0m  [1m[36mbegin transaction[0m
  ↳ app/controllers/users_controller.rb:40:in `block in update'
  [1m[36mUser Update (1.8ms)[0m  [1m[33mUPDATE "users" SET "name" = ?, "updated_at" = ? WHERE "users"."id" = ?[0m  [["name", "thanhcong"], ["updated_at", "2019-09-24 10:06:43.282134"], ["id", 1]]
  ↳ app/controllers/users_controller.rb:40:in `block in update'
  [1m[35m (62.8ms)[0m  [1m[36mcommit transaction[0m
  ↳ app/controllers/users_controller.rb:40:in `block in update'
Redirected to http://localhost:3000/users/1
Completed 302 Found in 98ms (ActiveRecord: 65.4ms | Allocations: 4674)


Started GET "/users/1" for ::1 at 2019-09-24 17:06:43 +0700
Processing by UsersController#show as HTML
  Parameters: {"id"=>"1"}
  [1m[36mUser Load (0.5ms)[0m  [1m[34mSELECT "users".* FROM "users" WHERE "users"."id" = ? LIMIT ?[0m  [["id", 1], ["LIMIT", 1]]
  ↳ app/controllers/users_controller.rb:61:in `set_user'
  Rendering users/show.html.erb within layouts/application
  [1m[36mMicropost Load (0.7ms)[0m  [1m[34mSELECT "microposts".* FROM "microposts" WHERE (user_id=1)[0m
  ↳ app/views/users/show.html.erb:27
  Rendered users/show.html.erb within layouts/application (Duration: 10.4ms | Allocations: 1010)
Completed 200 OK in 43ms (Views: 33.1ms | ActiveRecord: 2.3ms | Allocations: 7187)


Started GET "/microposts/new" for ::1 at 2019-09-24 17:07:21 +0700
Processing by MicropostsController#new as HTML
Completed 406 Not Acceptable in 11ms (ActiveRecord: 0.4ms | Allocations: 3782)


  
ActionController::MissingExactTemplate (MicropostsController#new is missing a template for request formats: text/html):
  
actionpack (6.0.0) lib/action_controller/metal/implicit_render.rb:45:in `default_render'
actionpack (6.0.0) lib/action_controller/metal/basic_implicit_render.rb:6:in `block in send_action'
actionpack (6.0.0) lib/action_controller/metal/basic_implicit_render.rb:6:in `tap'
actionpack (6.0.0) lib/action_controller/metal/basic_implicit_render.rb:6:in `send_action'
actionpack (6.0.0) lib/abstract_controller/base.rb:196:in `process_action'
actionpack (6.0.0) lib/action_controller/metal/rendering.rb:30:in `process_action'
actionpack (6.0.0) lib/abstract_controller/callbacks.rb:42:in `block in process_action'
activesupport (6.0.0) lib/active_support/callbacks.rb:135:in `run_callbacks'
actionpack (6.0.0) lib/abstract_controller/callbacks.rb:41:in `process_action'
actionpack (6.0.0) lib/action_controller/metal/rescue.rb:22:in `process_action'
actionpack (6.0.0) lib/action_controller/metal/instrumentation.rb:33:in `block in process_action'
activesupport (6.0.0) lib/active_support/notifications.rb:180:in `block in instrument'
activesupport (6.0.0) lib/active_support/notifications/instrumenter.rb:24:in `instrument'
activesupport (6.0.0) lib/active_support/notifications.rb:180:in `instrument'
actionpack (6.0.0) lib/action_controller/metal/instrumentation.rb:32:in `process_action'
actionpack (6.0.0) lib/action_controller/metal/params_wrapper.rb:245:in `process_action'
activerecord (6.0.0) lib/active_record/railties/controller_runtime.rb:27:in `process_action'
actionpack (6.0.0) lib/abstract_controller/base.rb:136:in `process'
actionview (6.0.0) lib/action_view/rendering.rb:39:in `process'
actionpack (6.0.0) lib/action_controller/metal.rb:191:in `dispatch'
actionpack (6.0.0) lib/action_controller/metal.rb:252:in `dispatch'
actionpack (6.0.0) lib/action_dispatch/routing/route_set.rb:51:in `dispatch'
actionpack (6.0.0) lib/action_dispatch/routing/route_set.rb:33:in `serve'
actionpack (6.0.0) lib/action_dispatch/journey/router.rb:49:in `block in serve'
actionpack (6.0.0) lib/action_dispatch/journey/router.rb:32:in `each'
actionpack (6.0.0) lib/action_dispatch/journey/router.rb:32:in `serve'
actionpack (6.0.0) lib/action_dispatch/routing/route_set.rb:837:in `call'
rack (2.0.7) lib/rack/tempfile_reaper.rb:15:in `call'
rack (2.0.7) lib/rack/etag.rb:25:in `call'
rack (2.0.7) lib/rack/conditional_get.rb:25:in `call'
rack (2.0.7) lib/rack/head.rb:12:in `call'
actionpack (6.0.0) lib/action_dispatch/http/content_security_policy.rb:18:in `call'
rack (2.0.7) lib/rack/session/abstract/id.rb:232:in `context'
rack (2.0.7) lib/rack/session/abstract/id.rb:226:in `call'
actionpack (6.0.0) lib/action_dispatch/middleware/cookies.rb:648:in `call'
activerecord (6.0.0) lib/active_record/migration.rb:567:in `call'
actionpack (6.0.0) lib/action_dispatch/middleware/callbacks.rb:27:in `block in call'
activesupport (6.0.0) lib/active_support/callbacks.rb:101:in `run_callbacks'
actionpack (6.0.0) lib/action_dispatch/middleware/callbacks.rb:26:in `call'
actionpack (6.0.0) lib/action_dispatch/middleware/executor.rb:14:in `call'
actionpack (6.0.0) lib/action_dispatch/middleware/actionable_exceptions.rb:17:in `call'
actionpack (6.0.0) lib/action_dispatch/middleware/debug_exceptions.rb:32:in `call'
web-console (4.0.1) lib/web_console/middleware.rb:132:in `call_app'
web-console (4.0.1) lib/web_console/middleware.rb:28:in `block in call'
web-console (4.0.1) lib/web_console/middleware.rb:17:in `catch'
web-console (4.0.1) lib/web_console/middleware.rb:17:in `call'
actionpack (6.0.0) lib/action_dispatch/middleware/show_exceptions.rb:33:in `call'
railties (6.0.0) lib/rails/rack/logger.rb:38:in `call_app'
railties (6.0.0) lib/rails/rack/logger.rb:26:in `block in call'
activesupport (6.0.0) lib/active_support/tagged_logging.rb:80:in `block in tagged'
activesupport (6.0.0) lib/active_support/tagged_logging.rb:28:in `tagged'
activesupport (6.0.0) lib/active_support/tagged_logging.rb:80:in `tagged'
railties (6.0.0) lib/rails/rack/logger.rb:26:in `call'
sprockets-rails (3.2.1) lib/sprockets/rails/quiet_assets.rb:13:in `call'
actionpack (6.0.0) lib/action_dispatch/middleware/remote_ip.rb:81:in `call'
actionpack (6.0.0) lib/action_dispatch/middleware/request_id.rb:27:in `call'
rack (2.0.7) lib/rack/method_override.rb:22:in `call'
rack (2.0.7) lib/rack/runtime.rb:22:in `call'
activesupport (6.0.0) lib/active_support/cache/strategy/local_cache_middleware.rb:29:in `call'
actionpack (6.0.0) lib/action_dispatch/middleware/executor.rb:14:in `call'
actionpack (6.0.0) lib/action_dispatch/middleware/static.rb:126:in `call'
rack (2.0.7) lib/rack/sendfile.rb:111:in `call'
actionpack (6.0.0) lib/action_dispatch/middleware/host_authorization.rb:83:in `call'
webpacker (4.0.7) lib/webpacker/dev_server_proxy.rb:29:in `perform_request'
rack-proxy (0.6.5) lib/rack/proxy.rb:57:in `call'
railties (6.0.0) lib/rails/engine.rb:526:in `call'
puma (3.12.1) lib/puma/configuration.rb:227:in `call'
puma (3.12.1) lib/puma/server.rb:660:in `handle_request'
puma (3.12.1) lib/puma/server.rb:474:in `process_client'
puma (3.12.1) lib/puma/server.rb:334:in `block in run'
puma (3.12.1) lib/puma/thread_pool.rb:135:in `block in spawn_thread'
Started GET "/microposts/new" for ::1 at 2019-09-24 17:11:26 +0700
  [1m[35m (0.1ms)[0m  [1m[34mSELECT sqlite_version(*)[0m
Processing by MicropostsController#new as HTML
Completed 406 Not Acceptable in 15ms (ActiveRecord: 0.6ms | Allocations: 5693)


  
ActionController::MissingExactTemplate (MicropostsController#new is missing a template for request formats: text/html):
  
actionpack (6.0.0) lib/action_controller/metal/implicit_render.rb:45:in `default_render'
actionpack (6.0.0) lib/action_controller/metal/basic_implicit_render.rb:6:in `block in send_action'
actionpack (6.0.0) lib/action_controller/metal/basic_implicit_render.rb:6:in `tap'
actionpack (6.0.0) lib/action_controller/metal/basic_implicit_render.rb:6:in `send_action'
actionpack (6.0.0) lib/abstract_controller/base.rb:196:in `process_action'
actionpack (6.0.0) lib/action_controller/metal/rendering.rb:30:in `process_action'
actionpack (6.0.0) lib/abstract_controller/callbacks.rb:42:in `block in process_action'
activesupport (6.0.0) lib/active_support/callbacks.rb:135:in `run_callbacks'
actionpack (6.0.0) lib/abstract_controller/callbacks.rb:41:in `process_action'
actionpack (6.0.0) lib/action_controller/metal/rescue.rb:22:in `process_action'
actionpack (6.0.0) lib/action_controller/metal/instrumentation.rb:33:in `block in process_action'
activesupport (6.0.0) lib/active_support/notifications.rb:180:in `block in instrument'
activesupport (6.0.0) lib/active_support/notifications/instrumenter.rb:24:in `instrument'
activesupport (6.0.0) lib/active_support/notifications.rb:180:in `instrument'
actionpack (6.0.0) lib/action_controller/metal/instrumentation.rb:32:in `process_action'
actionpack (6.0.0) lib/action_controller/metal/params_wrapper.rb:245:in `process_action'
activerecord (6.0.0) lib/active_record/railties/controller_runtime.rb:27:in `process_action'
actionpack (6.0.0) lib/abstract_controller/base.rb:136:in `process'
actionview (6.0.0) lib/action_view/rendering.rb:39:in `process'
actionpack (6.0.0) lib/action_controller/metal.rb:191:in `dispatch'
actionpack (6.0.0) lib/action_controller/metal.rb:252:in `dispatch'
actionpack (6.0.0) lib/action_dispatch/routing/route_set.rb:51:in `dispatch'
actionpack (6.0.0) lib/action_dispatch/routing/route_set.rb:33:in `serve'
actionpack (6.0.0) lib/action_dispatch/journey/router.rb:49:in `block in serve'
actionpack (6.0.0) lib/action_dispatch/journey/router.rb:32:in `each'
actionpack (6.0.0) lib/action_dispatch/journey/router.rb:32:in `serve'
actionpack (6.0.0) lib/action_dispatch/routing/route_set.rb:837:in `call'
rack (2.0.7) lib/rack/tempfile_reaper.rb:15:in `call'
rack (2.0.7) lib/rack/etag.rb:25:in `call'
rack (2.0.7) lib/rack/conditional_get.rb:25:in `call'
rack (2.0.7) lib/rack/head.rb:12:in `call'
actionpack (6.0.0) lib/action_dispatch/http/content_security_policy.rb:18:in `call'
rack (2.0.7) lib/rack/session/abstract/id.rb:232:in `context'
rack (2.0.7) lib/rack/session/abstract/id.rb:226:in `call'
actionpack (6.0.0) lib/action_dispatch/middleware/cookies.rb:648:in `call'
activerecord (6.0.0) lib/active_record/migration.rb:567:in `call'
actionpack (6.0.0) lib/action_dispatch/middleware/callbacks.rb:27:in `block in call'
activesupport (6.0.0) lib/active_support/callbacks.rb:101:in `run_callbacks'
actionpack (6.0.0) lib/action_dispatch/middleware/callbacks.rb:26:in `call'
actionpack (6.0.0) lib/action_dispatch/middleware/executor.rb:14:in `call'
actionpack (6.0.0) lib/action_dispatch/middleware/actionable_exceptions.rb:17:in `call'
actionpack (6.0.0) lib/action_dispatch/middleware/debug_exceptions.rb:32:in `call'
web-console (4.0.1) lib/web_console/middleware.rb:132:in `call_app'
web-console (4.0.1) lib/web_console/middleware.rb:28:in `block in call'
web-console (4.0.1) lib/web_console/middleware.rb:17:in `catch'
web-console (4.0.1) lib/web_console/middleware.rb:17:in `call'
actionpack (6.0.0) lib/action_dispatch/middleware/show_exceptions.rb:33:in `call'
railties (6.0.0) lib/rails/rack/logger.rb:38:in `call_app'
railties (6.0.0) lib/rails/rack/logger.rb:26:in `block in call'
activesupport (6.0.0) lib/active_support/tagged_logging.rb:80:in `block in tagged'
activesupport (6.0.0) lib/active_support/tagged_logging.rb:28:in `tagged'
activesupport (6.0.0) lib/active_support/tagged_logging.rb:80:in `tagged'
railties (6.0.0) lib/rails/rack/logger.rb:26:in `call'
sprockets-rails (3.2.1) lib/sprockets/rails/quiet_assets.rb:13:in `call'
actionpack (6.0.0) lib/action_dispatch/middleware/remote_ip.rb:81:in `call'
actionpack (6.0.0) lib/action_dispatch/middleware/request_id.rb:27:in `call'
rack (2.0.7) lib/rack/method_override.rb:22:in `call'
rack (2.0.7) lib/rack/runtime.rb:22:in `call'
activesupport (6.0.0) lib/active_support/cache/strategy/local_cache_middleware.rb:29:in `call'
actionpack (6.0.0) lib/action_dispatch/middleware/executor.rb:14:in `call'
actionpack (6.0.0) lib/action_dispatch/middleware/static.rb:126:in `call'
rack (2.0.7) lib/rack/sendfile.rb:111:in `call'
actionpack (6.0.0) lib/action_dispatch/middleware/host_authorization.rb:83:in `call'
webpacker (4.0.7) lib/webpacker/dev_server_proxy.rb:29:in `perform_request'
rack-proxy (0.6.5) lib/rack/proxy.rb:57:in `call'
railties (6.0.0) lib/rails/engine.rb:526:in `call'
puma (3.12.1) lib/puma/configuration.rb:227:in `call'
puma (3.12.1) lib/puma/server.rb:660:in `handle_request'
puma (3.12.1) lib/puma/server.rb:474:in `process_client'
puma (3.12.1) lib/puma/server.rb:334:in `block in run'
puma (3.12.1) lib/puma/thread_pool.rb:135:in `block in spawn_thread'
Started GET "/microposts" for ::1 at 2019-09-24 17:12:13 +0700
Processing by MicropostsController#index as HTML
Completed 406 Not Acceptable in 3ms (ActiveRecord: 0.0ms | Allocations: 702)


  
ActionController::MissingExactTemplate (MicropostsController#index is missing a template for request formats: text/html):
  
actionpack (6.0.0) lib/action_controller/metal/implicit_render.rb:45:in `default_render'
actionpack (6.0.0) lib/action_controller/metal/basic_implicit_render.rb:6:in `block in send_action'
actionpack (6.0.0) lib/action_controller/metal/basic_implicit_render.rb:6:in `tap'
actionpack (6.0.0) lib/action_controller/metal/basic_implicit_render.rb:6:in `send_action'
actionpack (6.0.0) lib/abstract_controller/base.rb:196:in `process_action'
actionpack (6.0.0) lib/action_controller/metal/rendering.rb:30:in `process_action'
actionpack (6.0.0) lib/abstract_controller/callbacks.rb:42:in `block in process_action'
activesupport (6.0.0) lib/active_support/callbacks.rb:135:in `run_callbacks'
actionpack (6.0.0) lib/abstract_controller/callbacks.rb:41:in `process_action'
actionpack (6.0.0) lib/action_controller/metal/rescue.rb:22:in `process_action'
actionpack (6.0.0) lib/action_controller/metal/instrumentation.rb:33:in `block in process_action'
activesupport (6.0.0) lib/active_support/notifications.rb:180:in `block in instrument'
activesupport (6.0.0) lib/active_support/notifications/instrumenter.rb:24:in `instrument'
activesupport (6.0.0) lib/active_support/notifications.rb:180:in `instrument'
actionpack (6.0.0) lib/action_controller/metal/instrumentation.rb:32:in `process_action'
actionpack (6.0.0) lib/action_controller/metal/params_wrapper.rb:245:in `process_action'
activerecord (6.0.0) lib/active_record/railties/controller_runtime.rb:27:in `process_action'
actionpack (6.0.0) lib/abstract_controller/base.rb:136:in `process'
actionview (6.0.0) lib/action_view/rendering.rb:39:in `process'
actionpack (6.0.0) lib/action_controller/metal.rb:191:in `dispatch'
actionpack (6.0.0) lib/action_controller/metal.rb:252:in `dispatch'
actionpack (6.0.0) lib/action_dispatch/routing/route_set.rb:51:in `dispatch'
actionpack (6.0.0) lib/action_dispatch/routing/route_set.rb:33:in `serve'
actionpack (6.0.0) lib/action_dispatch/journey/router.rb:49:in `block in serve'
actionpack (6.0.0) lib/action_dispatch/journey/router.rb:32:in `each'
actionpack (6.0.0) lib/action_dispatch/journey/router.rb:32:in `serve'
actionpack (6.0.0) lib/action_dispatch/routing/route_set.rb:837:in `call'
rack (2.0.7) lib/rack/tempfile_reaper.rb:15:in `call'
rack (2.0.7) lib/rack/etag.rb:25:in `call'
rack (2.0.7) lib/rack/conditional_get.rb:25:in `call'
rack (2.0.7) lib/rack/head.rb:12:in `call'
actionpack (6.0.0) lib/action_dispatch/http/content_security_policy.rb:18:in `call'
rack (2.0.7) lib/rack/session/abstract/id.rb:232:in `context'
rack (2.0.7) lib/rack/session/abstract/id.rb:226:in `call'
actionpack (6.0.0) lib/action_dispatch/middleware/cookies.rb:648:in `call'
activerecord (6.0.0) lib/active_record/migration.rb:567:in `call'
actionpack (6.0.0) lib/action_dispatch/middleware/callbacks.rb:27:in `block in call'
activesupport (6.0.0) lib/active_support/callbacks.rb:101:in `run_callbacks'
actionpack (6.0.0) lib/action_dispatch/middleware/callbacks.rb:26:in `call'
actionpack (6.0.0) lib/action_dispatch/middleware/executor.rb:14:in `call'
actionpack (6.0.0) lib/action_dispatch/middleware/actionable_exceptions.rb:17:in `call'
actionpack (6.0.0) lib/action_dispatch/middleware/debug_exceptions.rb:32:in `call'
web-console (4.0.1) lib/web_console/middleware.rb:132:in `call_app'
web-console (4.0.1) lib/web_console/middleware.rb:28:in `block in call'
web-console (4.0.1) lib/web_console/middleware.rb:17:in `catch'
web-console (4.0.1) lib/web_console/middleware.rb:17:in `call'
actionpack (6.0.0) lib/action_dispatch/middleware/show_exceptions.rb:33:in `call'
railties (6.0.0) lib/rails/rack/logger.rb:38:in `call_app'
railties (6.0.0) lib/rails/rack/logger.rb:26:in `block in call'
activesupport (6.0.0) lib/active_support/tagged_logging.rb:80:in `block in tagged'
activesupport (6.0.0) lib/active_support/tagged_logging.rb:28:in `tagged'
activesupport (6.0.0) lib/active_support/tagged_logging.rb:80:in `tagged'
railties (6.0.0) lib/rails/rack/logger.rb:26:in `call'
sprockets-rails (3.2.1) lib/sprockets/rails/quiet_assets.rb:13:in `call'
actionpack (6.0.0) lib/action_dispatch/middleware/remote_ip.rb:81:in `call'
actionpack (6.0.0) lib/action_dispatch/middleware/request_id.rb:27:in `call'
rack (2.0.7) lib/rack/method_override.rb:22:in `call'
rack (2.0.7) lib/rack/runtime.rb:22:in `call'
activesupport (6.0.0) lib/active_support/cache/strategy/local_cache_middleware.rb:29:in `call'
actionpack (6.0.0) lib/action_dispatch/middleware/executor.rb:14:in `call'
actionpack (6.0.0) lib/action_dispatch/middleware/static.rb:126:in `call'
rack (2.0.7) lib/rack/sendfile.rb:111:in `call'
actionpack (6.0.0) lib/action_dispatch/middleware/host_authorization.rb:83:in `call'
webpacker (4.0.7) lib/webpacker/dev_server_proxy.rb:29:in `perform_request'
rack-proxy (0.6.5) lib/rack/proxy.rb:57:in `call'
railties (6.0.0) lib/rails/engine.rb:526:in `call'
puma (3.12.1) lib/puma/configuration.rb:227:in `call'
puma (3.12.1) lib/puma/server.rb:660:in `handle_request'
puma (3.12.1) lib/puma/server.rb:474:in `process_client'
puma (3.12.1) lib/puma/server.rb:334:in `block in run'
puma (3.12.1) lib/puma/thread_pool.rb:135:in `block in spawn_thread'
Started GET "/" for ::1 at 2019-09-24 17:12:19 +0700
Processing by Rails::WelcomeController#index as HTML
  Rendering /home/thanhcong/.rvm/gems/ruby-2.5.1/gems/railties-6.0.0/lib/rails/templates/rails/welcome/index.html.erb
  Rendered /home/thanhcong/.rvm/gems/ruby-2.5.1/gems/railties-6.0.0/lib/rails/templates/rails/welcome/index.html.erb (Duration: 9.5ms | Allocations: 195)
Completed 200 OK in 58ms (Views: 11.4ms | ActiveRecord: 0.0ms | Allocations: 943)


Started GET "/users" for ::1 at 2019-09-24 17:12:26 +0700
Processing by UsersController#index as HTML
  Rendering users/index.html.erb within layouts/application
  [1m[36mUser Load (0.2ms)[0m  [1m[34mSELECT "users".* FROM "users"[0m
  ↳ app/views/users/index.html.erb:15
  Rendered users/index.html.erb within layouts/application (Duration: 9.0ms | Allocations: 4267)
Completed 200 OK in 25ms (Views: 23.1ms | ActiveRecord: 1.2ms | Allocations: 10076)


Started GET "/microposts" for ::1 at 2019-09-24 17:13:54 +0700
Processing by MicropostsController#index as HTML
Completed 406 Not Acceptable in 4ms (ActiveRecord: 0.0ms | Allocations: 668)


  
ActionController::MissingExactTemplate (MicropostsController#index is missing a template for request formats: text/html):
  
actionpack (6.0.0) lib/action_controller/metal/implicit_render.rb:45:in `default_render'
actionpack (6.0.0) lib/action_controller/metal/basic_implicit_render.rb:6:in `block in send_action'
actionpack (6.0.0) lib/action_controller/metal/basic_implicit_render.rb:6:in `tap'
actionpack (6.0.0) lib/action_controller/metal/basic_implicit_render.rb:6:in `send_action'
actionpack (6.0.0) lib/abstract_controller/base.rb:196:in `process_action'
actionpack (6.0.0) lib/action_controller/metal/rendering.rb:30:in `process_action'
actionpack (6.0.0) lib/abstract_controller/callbacks.rb:42:in `block in process_action'
activesupport (6.0.0) lib/active_support/callbacks.rb:135:in `run_callbacks'
actionpack (6.0.0) lib/abstract_controller/callbacks.rb:41:in `process_action'
actionpack (6.0.0) lib/action_controller/metal/rescue.rb:22:in `process_action'
actionpack (6.0.0) lib/action_controller/metal/instrumentation.rb:33:in `block in process_action'
activesupport (6.0.0) lib/active_support/notifications.rb:180:in `block in instrument'
activesupport (6.0.0) lib/active_support/notifications/instrumenter.rb:24:in `instrument'
activesupport (6.0.0) lib/active_support/notifications.rb:180:in `instrument'
actionpack (6.0.0) lib/action_controller/metal/instrumentation.rb:32:in `process_action'
actionpack (6.0.0) lib/action_controller/metal/params_wrapper.rb:245:in `process_action'
activerecord (6.0.0) lib/active_record/railties/controller_runtime.rb:27:in `process_action'
actionpack (6.0.0) lib/abstract_controller/base.rb:136:in `process'
actionview (6.0.0) lib/action_view/rendering.rb:39:in `process'
actionpack (6.0.0) lib/action_controller/metal.rb:191:in `dispatch'
actionpack (6.0.0) lib/action_controller/metal.rb:252:in `dispatch'
actionpack (6.0.0) lib/action_dispatch/routing/route_set.rb:51:in `dispatch'
actionpack (6.0.0) lib/action_dispatch/routing/route_set.rb:33:in `serve'
actionpack (6.0.0) lib/action_dispatch/journey/router.rb:49:in `block in serve'
actionpack (6.0.0) lib/action_dispatch/journey/router.rb:32:in `each'
actionpack (6.0.0) lib/action_dispatch/journey/router.rb:32:in `serve'
actionpack (6.0.0) lib/action_dispatch/routing/route_set.rb:837:in `call'
rack (2.0.7) lib/rack/tempfile_reaper.rb:15:in `call'
rack (2.0.7) lib/rack/etag.rb:25:in `call'
rack (2.0.7) lib/rack/conditional_get.rb:25:in `call'
rack (2.0.7) lib/rack/head.rb:12:in `call'
actionpack (6.0.0) lib/action_dispatch/http/content_security_policy.rb:18:in `call'
rack (2.0.7) lib/rack/session/abstract/id.rb:232:in `context'
rack (2.0.7) lib/rack/session/abstract/id.rb:226:in `call'
actionpack (6.0.0) lib/action_dispatch/middleware/cookies.rb:648:in `call'
activerecord (6.0.0) lib/active_record/migration.rb:567:in `call'
actionpack (6.0.0) lib/action_dispatch/middleware/callbacks.rb:27:in `block in call'
activesupport (6.0.0) lib/active_support/callbacks.rb:101:in `run_callbacks'
actionpack (6.0.0) lib/action_dispatch/middleware/callbacks.rb:26:in `call'
actionpack (6.0.0) lib/action_dispatch/middleware/executor.rb:14:in `call'
actionpack (6.0.0) lib/action_dispatch/middleware/actionable_exceptions.rb:17:in `call'
actionpack (6.0.0) lib/action_dispatch/middleware/debug_exceptions.rb:32:in `call'
web-console (4.0.1) lib/web_console/middleware.rb:132:in `call_app'
web-console (4.0.1) lib/web_console/middleware.rb:28:in `block in call'
web-console (4.0.1) lib/web_console/middleware.rb:17:in `catch'
web-console (4.0.1) lib/web_console/middleware.rb:17:in `call'
actionpack (6.0.0) lib/action_dispatch/middleware/show_exceptions.rb:33:in `call'
railties (6.0.0) lib/rails/rack/logger.rb:38:in `call_app'
railties (6.0.0) lib/rails/rack/logger.rb:26:in `block in call'
activesupport (6.0.0) lib/active_support/tagged_logging.rb:80:in `block in tagged'
activesupport (6.0.0) lib/active_support/tagged_logging.rb:28:in `tagged'
activesupport (6.0.0) lib/active_support/tagged_logging.rb:80:in `tagged'
railties (6.0.0) lib/rails/rack/logger.rb:26:in `call'
sprockets-rails (3.2.1) lib/sprockets/rails/quiet_assets.rb:13:in `call'
actionpack (6.0.0) lib/action_dispatch/middleware/remote_ip.rb:81:in `call'
actionpack (6.0.0) lib/action_dispatch/middleware/request_id.rb:27:in `call'
rack (2.0.7) lib/rack/method_override.rb:22:in `call'
rack (2.0.7) lib/rack/runtime.rb:22:in `call'
activesupport (6.0.0) lib/active_support/cache/strategy/local_cache_middleware.rb:29:in `call'
actionpack (6.0.0) lib/action_dispatch/middleware/executor.rb:14:in `call'
actionpack (6.0.0) lib/action_dispatch/middleware/static.rb:126:in `call'
rack (2.0.7) lib/rack/sendfile.rb:111:in `call'
actionpack (6.0.0) lib/action_dispatch/middleware/host_authorization.rb:83:in `call'
webpacker (4.0.7) lib/webpacker/dev_server_proxy.rb:29:in `perform_request'
rack-proxy (0.6.5) lib/rack/proxy.rb:57:in `call'
railties (6.0.0) lib/rails/engine.rb:526:in `call'
puma (3.12.1) lib/puma/configuration.rb:227:in `call'
puma (3.12.1) lib/puma/server.rb:660:in `handle_request'
puma (3.12.1) lib/puma/server.rb:474:in `process_client'
puma (3.12.1) lib/puma/server.rb:334:in `block in run'
puma (3.12.1) lib/puma/thread_pool.rb:135:in `block in spawn_thread'
Started GET "/micropost" for ::1 at 2019-09-24 17:13:55 +0700
  
ActionController::RoutingError (No route matches [GET] "/micropost"):
  
actionpack (6.0.0) lib/action_dispatch/middleware/debug_exceptions.rb:36:in `call'
web-console (4.0.1) lib/web_console/middleware.rb:132:in `call_app'
web-console (4.0.1) lib/web_console/middleware.rb:28:in `block in call'
web-console (4.0.1) lib/web_console/middleware.rb:17:in `catch'
web-console (4.0.1) lib/web_console/middleware.rb:17:in `call'
actionpack (6.0.0) lib/action_dispatch/middleware/show_exceptions.rb:33:in `call'
railties (6.0.0) lib/rails/rack/logger.rb:38:in `call_app'
railties (6.0.0) lib/rails/rack/logger.rb:26:in `block in call'
activesupport (6.0.0) lib/active_support/tagged_logging.rb:80:in `block in tagged'
activesupport (6.0.0) lib/active_support/tagged_logging.rb:28:in `tagged'
activesupport (6.0.0) lib/active_support/tagged_logging.rb:80:in `tagged'
railties (6.0.0) lib/rails/rack/logger.rb:26:in `call'
sprockets-rails (3.2.1) lib/sprockets/rails/quiet_assets.rb:13:in `call'
actionpack (6.0.0) lib/action_dispatch/middleware/remote_ip.rb:81:in `call'
actionpack (6.0.0) lib/action_dispatch/middleware/request_id.rb:27:in `call'
rack (2.0.7) lib/rack/method_override.rb:22:in `call'
rack (2.0.7) lib/rack/runtime.rb:22:in `call'
activesupport (6.0.0) lib/active_support/cache/strategy/local_cache_middleware.rb:29:in `call'
actionpack (6.0.0) lib/action_dispatch/middleware/executor.rb:14:in `call'
actionpack (6.0.0) lib/action_dispatch/middleware/static.rb:126:in `call'
rack (2.0.7) lib/rack/sendfile.rb:111:in `call'
actionpack (6.0.0) lib/action_dispatch/middleware/host_authorization.rb:83:in `call'
webpacker (4.0.7) lib/webpacker/dev_server_proxy.rb:29:in `perform_request'
rack-proxy (0.6.5) lib/rack/proxy.rb:57:in `call'
railties (6.0.0) lib/rails/engine.rb:526:in `call'
puma (3.12.1) lib/puma/configuration.rb:227:in `call'
puma (3.12.1) lib/puma/server.rb:660:in `handle_request'
puma (3.12.1) lib/puma/server.rb:474:in `process_client'
puma (3.12.1) lib/puma/server.rb:334:in `block in run'
puma (3.12.1) lib/puma/thread_pool.rb:135:in `block in spawn_thread'
Started GET "/microposts/new" for ::1 at 2019-09-24 17:17:28 +0700
Processing by MicropostsController#new as HTML
Completed 406 Not Acceptable in 3ms (ActiveRecord: 0.0ms | Allocations: 682)


  
ActionController::MissingExactTemplate (MicropostsController#new is missing a template for request formats: text/html):
  
actionpack (6.0.0) lib/action_controller/metal/implicit_render.rb:45:in `default_render'
actionpack (6.0.0) lib/action_controller/metal/basic_implicit_render.rb:6:in `block in send_action'
actionpack (6.0.0) lib/action_controller/metal/basic_implicit_render.rb:6:in `tap'
actionpack (6.0.0) lib/action_controller/metal/basic_implicit_render.rb:6:in `send_action'
actionpack (6.0.0) lib/abstract_controller/base.rb:196:in `process_action'
actionpack (6.0.0) lib/action_controller/metal/rendering.rb:30:in `process_action'
actionpack (6.0.0) lib/abstract_controller/callbacks.rb:42:in `block in process_action'
activesupport (6.0.0) lib/active_support/callbacks.rb:135:in `run_callbacks'
actionpack (6.0.0) lib/abstract_controller/callbacks.rb:41:in `process_action'
actionpack (6.0.0) lib/action_controller/metal/rescue.rb:22:in `process_action'
actionpack (6.0.0) lib/action_controller/metal/instrumentation.rb:33:in `block in process_action'
activesupport (6.0.0) lib/active_support/notifications.rb:180:in `block in instrument'
activesupport (6.0.0) lib/active_support/notifications/instrumenter.rb:24:in `instrument'
activesupport (6.0.0) lib/active_support/notifications.rb:180:in `instrument'
actionpack (6.0.0) lib/action_controller/metal/instrumentation.rb:32:in `process_action'
actionpack (6.0.0) lib/action_controller/metal/params_wrapper.rb:245:in `process_action'
activerecord (6.0.0) lib/active_record/railties/controller_runtime.rb:27:in `process_action'
actionpack (6.0.0) lib/abstract_controller/base.rb:136:in `process'
actionview (6.0.0) lib/action_view/rendering.rb:39:in `process'
actionpack (6.0.0) lib/action_controller/metal.rb:191:in `dispatch'
actionpack (6.0.0) lib/action_controller/metal.rb:252:in `dispatch'
actionpack (6.0.0) lib/action_dispatch/routing/route_set.rb:51:in `dispatch'
actionpack (6.0.0) lib/action_dispatch/routing/route_set.rb:33:in `serve'
actionpack (6.0.0) lib/action_dispatch/journey/router.rb:49:in `block in serve'
actionpack (6.0.0) lib/action_dispatch/journey/router.rb:32:in `each'
actionpack (6.0.0) lib/action_dispatch/journey/router.rb:32:in `serve'
actionpack (6.0.0) lib/action_dispatch/routing/route_set.rb:837:in `call'
rack (2.0.7) lib/rack/tempfile_reaper.rb:15:in `call'
rack (2.0.7) lib/rack/etag.rb:25:in `call'
rack (2.0.7) lib/rack/conditional_get.rb:25:in `call'
rack (2.0.7) lib/rack/head.rb:12:in `call'
actionpack (6.0.0) lib/action_dispatch/http/content_security_policy.rb:18:in `call'
rack (2.0.7) lib/rack/session/abstract/id.rb:232:in `context'
rack (2.0.7) lib/rack/session/abstract/id.rb:226:in `call'
actionpack (6.0.0) lib/action_dispatch/middleware/cookies.rb:648:in `call'
activerecord (6.0.0) lib/active_record/migration.rb:567:in `call'
actionpack (6.0.0) lib/action_dispatch/middleware/callbacks.rb:27:in `block in call'
activesupport (6.0.0) lib/active_support/callbacks.rb:101:in `run_callbacks'
actionpack (6.0.0) lib/action_dispatch/middleware/callbacks.rb:26:in `call'
actionpack (6.0.0) lib/action_dispatch/middleware/executor.rb:14:in `call'
actionpack (6.0.0) lib/action_dispatch/middleware/actionable_exceptions.rb:17:in `call'
actionpack (6.0.0) lib/action_dispatch/middleware/debug_exceptions.rb:32:in `call'
web-console (4.0.1) lib/web_console/middleware.rb:132:in `call_app'
web-console (4.0.1) lib/web_console/middleware.rb:28:in `block in call'
web-console (4.0.1) lib/web_console/middleware.rb:17:in `catch'
web-console (4.0.1) lib/web_console/middleware.rb:17:in `call'
actionpack (6.0.0) lib/action_dispatch/middleware/show_exceptions.rb:33:in `call'
railties (6.0.0) lib/rails/rack/logger.rb:38:in `call_app'
railties (6.0.0) lib/rails/rack/logger.rb:26:in `block in call'
activesupport (6.0.0) lib/active_support/tagged_logging.rb:80:in `block in tagged'
activesupport (6.0.0) lib/active_support/tagged_logging.rb:28:in `tagged'
activesupport (6.0.0) lib/active_support/tagged_logging.rb:80:in `tagged'
railties (6.0.0) lib/rails/rack/logger.rb:26:in `call'
sprockets-rails (3.2.1) lib/sprockets/rails/quiet_assets.rb:13:in `call'
actionpack (6.0.0) lib/action_dispatch/middleware/remote_ip.rb:81:in `call'
actionpack (6.0.0) lib/action_dispatch/middleware/request_id.rb:27:in `call'
rack (2.0.7) lib/rack/method_override.rb:22:in `call'
rack (2.0.7) lib/rack/runtime.rb:22:in `call'
activesupport (6.0.0) lib/active_support/cache/strategy/local_cache_middleware.rb:29:in `call'
actionpack (6.0.0) lib/action_dispatch/middleware/executor.rb:14:in `call'
actionpack (6.0.0) lib/action_dispatch/middleware/static.rb:126:in `call'
rack (2.0.7) lib/rack/sendfile.rb:111:in `call'
actionpack (6.0.0) lib/action_dispatch/middleware/host_authorization.rb:83:in `call'
webpacker (4.0.7) lib/webpacker/dev_server_proxy.rb:29:in `perform_request'
rack-proxy (0.6.5) lib/rack/proxy.rb:57:in `call'
railties (6.0.0) lib/rails/engine.rb:526:in `call'
puma (3.12.1) lib/puma/configuration.rb:227:in `call'
puma (3.12.1) lib/puma/server.rb:660:in `handle_request'
puma (3.12.1) lib/puma/server.rb:474:in `process_client'
puma (3.12.1) lib/puma/server.rb:334:in `block in run'
puma (3.12.1) lib/puma/thread_pool.rb:135:in `block in spawn_thread'
